This file contains any messages produced by compilers while
running configure, to aid debugging if configure makes a mistake.

It was created by libsocketpp configure 0.2, which was
generated by GNU Autoconf 2.69.  Invocation command line was

  $ ./configure --prefix=/home/charlie/Programming/socketpp/test/ --no-create --no-recursion

## --------- ##
## Platform. ##
## --------- ##

hostname = localhost
uname -m = x86_64
uname -r = 3.8.11
uname -s = Linux
uname -v = #1 SMP Thu Jun 22 14:33:12 PDT 2017

/usr/bin/uname -p = unknown
/bin/uname -X     = unknown

/bin/arch              = unknown
/usr/bin/arch -k       = unknown
/usr/convex/getsysinfo = unknown
/usr/bin/hostinfo      = unknown
/bin/machine           = unknown
/usr/bin/oslevel       = unknown
/bin/universe          = unknown

PATH: /home/charlie/bin
PATH: /home/charlie/.local/bin
PATH: /usr/local/bin
PATH: /usr/bin
PATH: /bin
PATH: /usr/local/games
PATH: /usr/games
PATH: /snap/bin


## ----------- ##
## Core tests. ##
## ----------- ##

configure:2320: checking for a BSD-compatible install
configure:2388: result: /usr/bin/install -c
configure:2399: checking whether build environment is sane
configure:2454: result: yes
configure:2605: checking for a thread-safe mkdir -p
configure:2644: result: /bin/mkdir -p
configure:2651: checking for gawk
configure:2681: result: no
configure:2651: checking for mawk
configure:2667: found /usr/bin/mawk
configure:2678: result: mawk
configure:2689: checking whether make sets $(MAKE)
configure:2711: result: yes
configure:2740: checking whether make supports nested variables
configure:2757: result: yes
configure:2896: checking for style of include used by make
configure:2924: result: GNU
configure:2995: checking for gcc
configure:3011: found /usr/bin/gcc
configure:3022: result: gcc
configure:3251: checking for C compiler version
configure:3260: gcc --version >&5
gcc (Ubuntu 5.4.0-6ubuntu1~16.04.4) 5.4.0 20160609
Copyright (C) 2015 Free Software Foundation, Inc.
This is free software; see the source for copying conditions.  There is NO
warranty; not even for MERCHANTABILITY or FITNESS FOR A PARTICULAR PURPOSE.

configure:3271: $? = 0
configure:3260: gcc -v >&5
Using built-in specs.
COLLECT_GCC=gcc
COLLECT_LTO_WRAPPER=/usr/lib/gcc/x86_64-linux-gnu/5/lto-wrapper
Target: x86_64-linux-gnu
Configured with: ../src/configure -v --with-pkgversion='Ubuntu 5.4.0-6ubuntu1~16.04.4' --with-bugurl=file:///usr/share/doc/gcc-5/README.Bugs --enable-languages=c,ada,c++,java,go,d,fortran,objc,obj-c++ --prefix=/usr --program-suffix=-5 --enable-shared --enable-linker-build-id --libexecdir=/usr/lib --without-included-gettext --enable-threads=posix --libdir=/usr/lib --enable-nls --with-sysroot=/ --enable-clocale=gnu --enable-libstdcxx-debug --enable-libstdcxx-time=yes --with-default-libstdcxx-abi=new --enable-gnu-unique-object --disable-vtable-verify --enable-libmpx --enable-plugin --with-system-zlib --disable-browser-plugin --enable-java-awt=gtk --enable-gtk-cairo --with-java-home=/usr/lib/jvm/java-1.5.0-gcj-5-amd64/jre --enable-java-home --with-jvm-root-dir=/usr/lib/jvm/java-1.5.0-gcj-5-amd64 --with-jvm-jar-dir=/usr/lib/jvm-exports/java-1.5.0-gcj-5-amd64 --with-arch-directory=amd64 --with-ecj-jar=/usr/share/java/eclipse-ecj.jar --enable-objc-gc --enable-multiarch --disable-werror --with-arch-32=i686 --with-abi=m64 --with-multilib-list=m32,m64,mx32 --enable-multilib --with-tune=generic --enable-checking=release --build=x86_64-linux-gnu --host=x86_64-linux-gnu --target=x86_64-linux-gnu
Thread model: posix
gcc version 5.4.0 20160609 (Ubuntu 5.4.0-6ubuntu1~16.04.4) 
configure:3271: $? = 0
configure:3260: gcc -V >&5
gcc: error: unrecognized command line option '-V'
gcc: fatal error: no input files
compilation terminated.
configure:3271: $? = 1
configure:3260: gcc -qversion >&5
gcc: error: unrecognized command line option '-qversion'
gcc: fatal error: no input files
compilation terminated.
configure:3271: $? = 1
configure:3291: checking whether the C compiler works
configure:3313: gcc    conftest.c  >&5
configure:3317: $? = 0
configure:3365: result: yes
configure:3368: checking for C compiler default output file name
configure:3370: result: a.out
configure:3376: checking for suffix of executables
configure:3383: gcc -o conftest    conftest.c  >&5
configure:3387: $? = 0
configure:3409: result: 
configure:3431: checking whether we are cross compiling
configure:3439: gcc -o conftest    conftest.c  >&5
configure:3443: $? = 0
configure:3450: ./conftest
configure:3454: $? = 0
configure:3469: result: no
configure:3474: checking for suffix of object files
configure:3496: gcc -c   conftest.c >&5
configure:3500: $? = 0
configure:3521: result: o
configure:3525: checking whether we are using the GNU C compiler
configure:3544: gcc -c   conftest.c >&5
configure:3544: $? = 0
configure:3553: result: yes
configure:3562: checking whether gcc accepts -g
configure:3582: gcc -c -g  conftest.c >&5
configure:3582: $? = 0
configure:3623: result: yes
configure:3640: checking for gcc option to accept ISO C89
configure:3703: gcc  -c -g -O2  conftest.c >&5
configure:3703: $? = 0
configure:3716: result: none needed
configure:3741: checking whether gcc understands -c and -o together
configure:3763: gcc -c conftest.c -o conftest2.o
configure:3766: $? = 0
configure:3763: gcc -c conftest.c -o conftest2.o
configure:3766: $? = 0
configure:3778: result: yes
configure:3797: checking dependency style of gcc
configure:3908: result: gcc3
configure:3973: checking for ar
configure:3989: found /usr/bin/ar
configure:4000: result: ar
configure:4026: checking the archiver (ar) interface
configure:4042: gcc -c -g -O2  conftest.c >&5
configure:4042: $? = 0
configure:4044: ar cru libconftest.a conftest.o >&5
ar: `u' modifier ignored since `D' is the default (see `U')
configure:4047: $? = 0
configure:4075: result: ar
configure:4097: checking whether to enable maintainer-specific portions of Makefiles
configure:4106: result: no
configure:4151: checking build system type
configure:4165: result: x86_64-unknown-linux-gnu
configure:4185: checking host system type
configure:4198: result: x86_64-unknown-linux-gnu
configure:4239: checking how to print strings
configure:4266: result: printf
configure:4287: checking for a sed that does not truncate output
configure:4351: result: /bin/sed
configure:4369: checking for grep that handles long lines and -e
configure:4427: result: /bin/grep
configure:4432: checking for egrep
configure:4494: result: /bin/grep -E
configure:4499: checking for fgrep
configure:4561: result: /bin/grep -F
configure:4596: checking for ld used by gcc
configure:4663: result: /usr/bin/ld
configure:4670: checking if the linker (/usr/bin/ld) is GNU ld
configure:4685: result: yes
configure:4697: checking for BSD- or MS-compatible name lister (nm)
configure:4751: result: /usr/bin/nm -B
configure:4881: checking the name lister (/usr/bin/nm -B) interface
configure:4888: gcc -c -g -O2  conftest.c >&5
configure:4891: /usr/bin/nm -B "conftest.o"
configure:4894: output
0000000000000000 B some_variable
configure:4901: result: BSD nm
configure:4904: checking whether ln -s works
configure:4908: result: yes
configure:4916: checking the maximum length of command line arguments
configure:5047: result: 1572864
configure:5095: checking how to convert x86_64-unknown-linux-gnu file names to x86_64-unknown-linux-gnu format
configure:5135: result: func_convert_file_noop
configure:5142: checking how to convert x86_64-unknown-linux-gnu file names to toolchain format
configure:5162: result: func_convert_file_noop
configure:5169: checking for /usr/bin/ld option to reload object files
configure:5176: result: -r
configure:5250: checking for objdump
configure:5266: found /usr/bin/objdump
configure:5277: result: objdump
configure:5309: checking how to recognize dependent libraries
configure:5509: result: pass_all
configure:5594: checking for dlltool
configure:5624: result: no
configure:5654: checking how to associate runtime and link libraries
configure:5681: result: printf %s\n
configure:5805: checking for archiver @FILE support
configure:5822: gcc -c -g -O2  conftest.c >&5
configure:5822: $? = 0
configure:5825: ar cru libconftest.a @conftest.lst >&5
ar: `u' modifier ignored since `D' is the default (see `U')
configure:5828: $? = 0
configure:5833: ar cru libconftest.a @conftest.lst >&5
ar: `u' modifier ignored since `D' is the default (see `U')
ar: conftest.o: No such file or directory
configure:5836: $? = 1
configure:5848: result: @
configure:5906: checking for strip
configure:5922: found /usr/bin/strip
configure:5933: result: strip
configure:6005: checking for ranlib
configure:6021: found /usr/bin/ranlib
configure:6032: result: ranlib
configure:6134: checking command to parse /usr/bin/nm -B output from gcc object
configure:6287: gcc -c -g -O2  conftest.c >&5
configure:6290: $? = 0
configure:6294: /usr/bin/nm -B conftest.o \| sed -n -e 's/^.*[ ]\([ABCDGIRSTW][ABCDGIRSTW]*\)[ ][ ]*\([_A-Za-z][_A-Za-z0-9]*\)$/\1 \2 \2/p' | sed '/ __gnu_lto/d' \> conftest.nm
configure:6297: $? = 0
configure:6363: gcc -o conftest -g -O2   conftest.c conftstm.o >&5
configure:6366: $? = 0
configure:6404: result: ok
configure:6451: checking for sysroot
configure:6481: result: no
configure:6488: checking for a working dd
configure:6526: result: /bin/dd
configure:6530: checking how to truncate binary pipes
configure:6545: result: /bin/dd bs=4096 count=1
configure:6681: gcc -c -g -O2  conftest.c >&5
configure:6684: $? = 0
configure:6874: checking for mt
configure:6890: found /bin/mt
configure:6901: result: mt
configure:6924: checking if mt is a manifest tool
configure:6930: mt '-?'
configure:6938: result: no
configure:7615: checking how to run the C preprocessor
configure:7646: gcc -E  conftest.c
configure:7646: $? = 0
configure:7660: gcc -E  conftest.c
conftest.c:11:28: fatal error: ac_nonexistent.h: No such file or directory
compilation terminated.
configure:7660: $? = 1
configure: failed program was:
| /* confdefs.h */
| #define PACKAGE_NAME "libsocketpp"
| #define PACKAGE_TARNAME "libsocketpp"
| #define PACKAGE_VERSION "0.2"
| #define PACKAGE_STRING "libsocketpp 0.2"
| #define PACKAGE_BUGREPORT "chucks.8090@gmail.com"
| #define PACKAGE_URL ""
| #define PACKAGE "libsocketpp"
| #define VERSION "0.2"
| /* end confdefs.h.  */
| #include <ac_nonexistent.h>
configure:7685: result: gcc -E
configure:7705: gcc -E  conftest.c
configure:7705: $? = 0
configure:7719: gcc -E  conftest.c
conftest.c:11:28: fatal error: ac_nonexistent.h: No such file or directory
compilation terminated.
configure:7719: $? = 1
configure: failed program was:
| /* confdefs.h */
| #define PACKAGE_NAME "libsocketpp"
| #define PACKAGE_TARNAME "libsocketpp"
| #define PACKAGE_VERSION "0.2"
| #define PACKAGE_STRING "libsocketpp 0.2"
| #define PACKAGE_BUGREPORT "chucks.8090@gmail.com"
| #define PACKAGE_URL ""
| #define PACKAGE "libsocketpp"
| #define VERSION "0.2"
| /* end confdefs.h.  */
| #include <ac_nonexistent.h>
configure:7748: checking for ANSI C header files
configure:7768: gcc -c -g -O2  conftest.c >&5
configure:7768: $? = 0
configure:7841: gcc -o conftest -g -O2   conftest.c  >&5
configure:7841: $? = 0
configure:7841: ./conftest
configure:7841: $? = 0
configure:7852: result: yes
configure:7865: checking for sys/types.h
configure:7865: gcc -c -g -O2  conftest.c >&5
configure:7865: $? = 0
configure:7865: result: yes
configure:7865: checking for sys/stat.h
configure:7865: gcc -c -g -O2  conftest.c >&5
configure:7865: $? = 0
configure:7865: result: yes
configure:7865: checking for stdlib.h
configure:7865: gcc -c -g -O2  conftest.c >&5
configure:7865: $? = 0
configure:7865: result: yes
configure:7865: checking for string.h
configure:7865: gcc -c -g -O2  conftest.c >&5
configure:7865: $? = 0
configure:7865: result: yes
configure:7865: checking for memory.h
configure:7865: gcc -c -g -O2  conftest.c >&5
configure:7865: $? = 0
configure:7865: result: yes
configure:7865: checking for strings.h
configure:7865: gcc -c -g -O2  conftest.c >&5
configure:7865: $? = 0
configure:7865: result: yes
configure:7865: checking for inttypes.h
configure:7865: gcc -c -g -O2  conftest.c >&5
configure:7865: $? = 0
configure:7865: result: yes
configure:7865: checking for stdint.h
configure:7865: gcc -c -g -O2  conftest.c >&5
configure:7865: $? = 0
configure:7865: result: yes
configure:7865: checking for unistd.h
configure:7865: gcc -c -g -O2  conftest.c >&5
configure:7865: $? = 0
configure:7865: result: yes
configure:7879: checking for dlfcn.h
configure:7879: gcc -c -g -O2  conftest.c >&5
configure:7879: $? = 0
configure:7879: result: yes
configure:8135: checking for objdir
configure:8150: result: .libs
configure:8410: checking if gcc supports -fno-rtti -fno-exceptions
configure:8428: gcc -c -g -O2  -fno-rtti -fno-exceptions conftest.c >&5
cc1: warning: command line option '-fno-rtti' is valid for C++/ObjC++ but not for C
configure:8432: $? = 0
configure:8445: result: no
configure:8803: checking for gcc option to produce PIC
configure:8810: result: -fPIC -DPIC
configure:8818: checking if gcc PIC flag -fPIC -DPIC works
configure:8836: gcc -c -g -O2  -fPIC -DPIC -DPIC conftest.c >&5
configure:8840: $? = 0
configure:8853: result: yes
configure:8882: checking if gcc static flag -static works
configure:8910: result: yes
configure:8925: checking if gcc supports -c -o file.o
configure:8946: gcc -c -g -O2  -o out/conftest2.o conftest.c >&5
configure:8950: $? = 0
configure:8972: result: yes
configure:8980: checking if gcc supports -c -o file.o
configure:9027: result: yes
configure:9060: checking whether the gcc linker (/usr/bin/ld -m elf_x86_64) supports shared libraries
configure:10323: result: yes
configure:10360: checking whether -lc should be explicitly linked in
configure:10368: gcc -c -g -O2  conftest.c >&5
configure:10371: $? = 0
configure:10386: gcc -shared  -fPIC -DPIC conftest.o  -v -Wl,-soname -Wl,conftest -o conftest 2\>\&1 \| /bin/grep  -lc  \>/dev/null 2\>\&1
configure:10389: $? = 0
configure:10403: result: no
configure:10563: checking dynamic linker characteristics
configure:11144: gcc -o conftest -g -O2   -Wl,-rpath -Wl,/foo conftest.c  >&5
configure:11144: $? = 0
configure:11393: result: GNU/Linux ld.so
configure:11515: checking how to hardcode library paths into programs
configure:11540: result: immediate
configure:12088: checking whether stripping libraries is possible
configure:12093: result: yes
configure:12128: checking if libtool supports shared libraries
configure:12130: result: yes
configure:12133: checking whether to build shared libraries
configure:12158: result: yes
configure:12161: checking whether to build static libraries
configure:12165: result: yes
configure:12261: checking for g++
configure:12277: found /usr/bin/g++
configure:12288: result: g++
configure:12315: checking for C++ compiler version
configure:12324: g++ --version >&5
g++ (Ubuntu 5.4.0-6ubuntu1~16.04.4) 5.4.0 20160609
Copyright (C) 2015 Free Software Foundation, Inc.
This is free software; see the source for copying conditions.  There is NO
warranty; not even for MERCHANTABILITY or FITNESS FOR A PARTICULAR PURPOSE.

configure:12335: $? = 0
configure:12324: g++ -v >&5
Using built-in specs.
COLLECT_GCC=g++
COLLECT_LTO_WRAPPER=/usr/lib/gcc/x86_64-linux-gnu/5/lto-wrapper
Target: x86_64-linux-gnu
Configured with: ../src/configure -v --with-pkgversion='Ubuntu 5.4.0-6ubuntu1~16.04.4' --with-bugurl=file:///usr/share/doc/gcc-5/README.Bugs --enable-languages=c,ada,c++,java,go,d,fortran,objc,obj-c++ --prefix=/usr --program-suffix=-5 --enable-shared --enable-linker-build-id --libexecdir=/usr/lib --without-included-gettext --enable-threads=posix --libdir=/usr/lib --enable-nls --with-sysroot=/ --enable-clocale=gnu --enable-libstdcxx-debug --enable-libstdcxx-time=yes --with-default-libstdcxx-abi=new --enable-gnu-unique-object --disable-vtable-verify --enable-libmpx --enable-plugin --with-system-zlib --disable-browser-plugin --enable-java-awt=gtk --enable-gtk-cairo --with-java-home=/usr/lib/jvm/java-1.5.0-gcj-5-amd64/jre --enable-java-home --with-jvm-root-dir=/usr/lib/jvm/java-1.5.0-gcj-5-amd64 --with-jvm-jar-dir=/usr/lib/jvm-exports/java-1.5.0-gcj-5-amd64 --with-arch-directory=amd64 --with-ecj-jar=/usr/share/java/eclipse-ecj.jar --enable-objc-gc --enable-multiarch --disable-werror --with-arch-32=i686 --with-abi=m64 --with-multilib-list=m32,m64,mx32 --enable-multilib --with-tune=generic --enable-checking=release --build=x86_64-linux-gnu --host=x86_64-linux-gnu --target=x86_64-linux-gnu
Thread model: posix
gcc version 5.4.0 20160609 (Ubuntu 5.4.0-6ubuntu1~16.04.4) 
configure:12335: $? = 0
configure:12324: g++ -V >&5
g++: error: unrecognized command line option '-V'
g++: fatal error: no input files
compilation terminated.
configure:12335: $? = 1
configure:12324: g++ -qversion >&5
g++: error: unrecognized command line option '-qversion'
g++: fatal error: no input files
compilation terminated.
configure:12335: $? = 1
configure:12339: checking whether we are using the GNU C++ compiler
configure:12358: g++ -c   conftest.cpp >&5
configure:12358: $? = 0
configure:12367: result: yes
configure:12376: checking whether g++ accepts -g
configure:12396: g++ -c -g  conftest.cpp >&5
configure:12396: $? = 0
configure:12437: result: yes
configure:12462: checking dependency style of g++
configure:12573: result: gcc3
configure:12606: checking how to run the C++ preprocessor
configure:12633: g++ -E  conftest.cpp
configure:12633: $? = 0
configure:12647: g++ -E  conftest.cpp
conftest.cpp:23:28: fatal error: ac_nonexistent.h: No such file or directory
compilation terminated.
configure:12647: $? = 1
configure: failed program was:
| /* confdefs.h */
| #define PACKAGE_NAME "libsocketpp"
| #define PACKAGE_TARNAME "libsocketpp"
| #define PACKAGE_VERSION "0.2"
| #define PACKAGE_STRING "libsocketpp 0.2"
| #define PACKAGE_BUGREPORT "chucks.8090@gmail.com"
| #define PACKAGE_URL ""
| #define PACKAGE "libsocketpp"
| #define VERSION "0.2"
| #define STDC_HEADERS 1
| #define HAVE_SYS_TYPES_H 1
| #define HAVE_SYS_STAT_H 1
| #define HAVE_STDLIB_H 1
| #define HAVE_STRING_H 1
| #define HAVE_MEMORY_H 1
| #define HAVE_STRINGS_H 1
| #define HAVE_INTTYPES_H 1
| #define HAVE_STDINT_H 1
| #define HAVE_UNISTD_H 1
| #define HAVE_DLFCN_H 1
| #define LT_OBJDIR ".libs/"
| /* end confdefs.h.  */
| #include <ac_nonexistent.h>
configure:12672: result: g++ -E
configure:12692: g++ -E  conftest.cpp
configure:12692: $? = 0
configure:12706: g++ -E  conftest.cpp
conftest.cpp:23:28: fatal error: ac_nonexistent.h: No such file or directory
compilation terminated.
configure:12706: $? = 1
configure: failed program was:
| /* confdefs.h */
| #define PACKAGE_NAME "libsocketpp"
| #define PACKAGE_TARNAME "libsocketpp"
| #define PACKAGE_VERSION "0.2"
| #define PACKAGE_STRING "libsocketpp 0.2"
| #define PACKAGE_BUGREPORT "chucks.8090@gmail.com"
| #define PACKAGE_URL ""
| #define PACKAGE "libsocketpp"
| #define VERSION "0.2"
| #define STDC_HEADERS 1
| #define HAVE_SYS_TYPES_H 1
| #define HAVE_SYS_STAT_H 1
| #define HAVE_STDLIB_H 1
| #define HAVE_STRING_H 1
| #define HAVE_MEMORY_H 1
| #define HAVE_STRINGS_H 1
| #define HAVE_INTTYPES_H 1
| #define HAVE_STDINT_H 1
| #define HAVE_UNISTD_H 1
| #define HAVE_DLFCN_H 1
| #define LT_OBJDIR ".libs/"
| /* end confdefs.h.  */
| #include <ac_nonexistent.h>
configure:12868: checking for ld used by g++
configure:12935: result: /usr/bin/ld -m elf_x86_64
configure:12942: checking if the linker (/usr/bin/ld -m elf_x86_64) is GNU ld
configure:12957: result: yes
configure:13012: checking whether the g++ linker (/usr/bin/ld -m elf_x86_64) supports shared libraries
configure:14085: result: yes
configure:14121: g++ -c -g -O2  conftest.cpp >&5
configure:14124: $? = 0
configure:14605: checking for g++ option to produce PIC
configure:14612: result: -fPIC -DPIC
configure:14620: checking if g++ PIC flag -fPIC -DPIC works
configure:14638: g++ -c -g -O2  -fPIC -DPIC -DPIC conftest.cpp >&5
configure:14642: $? = 0
configure:14655: result: yes
configure:14678: checking if g++ static flag -static works
configure:14706: result: yes
configure:14718: checking if g++ supports -c -o file.o
configure:14739: g++ -c -g -O2  -o out/conftest2.o conftest.cpp >&5
configure:14743: $? = 0
configure:14765: result: yes
configure:14770: checking if g++ supports -c -o file.o
configure:14817: result: yes
configure:14847: checking whether the g++ linker (/usr/bin/ld -m elf_x86_64) supports shared libraries
configure:14890: result: yes
configure:15031: checking dynamic linker characteristics
configure:15788: result: GNU/Linux ld.so
configure:15853: checking how to hardcode library paths into programs
configure:15878: result: immediate
configure:16067: checking that generated files are newer than configure
configure:16073: result: done
configure:16104: creating ./config.status

## ---------------- ##
## Cache variables. ##
## ---------------- ##

ac_cv_build=x86_64-unknown-linux-gnu
ac_cv_c_compiler_gnu=yes
ac_cv_cxx_compiler_gnu=yes
ac_cv_env_CCC_set=
ac_cv_env_CCC_value=
ac_cv_env_CC_set=
ac_cv_env_CC_value=
ac_cv_env_CFLAGS_set=
ac_cv_env_CFLAGS_value=
ac_cv_env_CPPFLAGS_set=
ac_cv_env_CPPFLAGS_value=
ac_cv_env_CPP_set=
ac_cv_env_CPP_value=
ac_cv_env_CXXCPP_set=
ac_cv_env_CXXCPP_value=
ac_cv_env_CXXFLAGS_set=
ac_cv_env_CXXFLAGS_value=
ac_cv_env_CXX_set=
ac_cv_env_CXX_value=
ac_cv_env_LDFLAGS_set=
ac_cv_env_LDFLAGS_value=
ac_cv_env_LIBS_set=
ac_cv_env_LIBS_value=
ac_cv_env_LT_SYS_LIBRARY_PATH_set=
ac_cv_env_LT_SYS_LIBRARY_PATH_value=
ac_cv_env_build_alias_set=
ac_cv_env_build_alias_value=
ac_cv_env_host_alias_set=
ac_cv_env_host_alias_value=
ac_cv_env_target_alias_set=
ac_cv_env_target_alias_value=
ac_cv_header_dlfcn_h=yes
ac_cv_header_inttypes_h=yes
ac_cv_header_memory_h=yes
ac_cv_header_stdc=yes
ac_cv_header_stdint_h=yes
ac_cv_header_stdlib_h=yes
ac_cv_header_string_h=yes
ac_cv_header_strings_h=yes
ac_cv_header_sys_stat_h=yes
ac_cv_header_sys_types_h=yes
ac_cv_header_unistd_h=yes
ac_cv_host=x86_64-unknown-linux-gnu
ac_cv_objext=o
ac_cv_path_EGREP='/bin/grep -E'
ac_cv_path_FGREP='/bin/grep -F'
ac_cv_path_GREP=/bin/grep
ac_cv_path_SED=/bin/sed
ac_cv_path_install='/usr/bin/install -c'
ac_cv_path_lt_DD=/bin/dd
ac_cv_path_mkdir=/bin/mkdir
ac_cv_prog_AWK=mawk
ac_cv_prog_CPP='gcc -E'
ac_cv_prog_CXXCPP='g++ -E'
ac_cv_prog_ac_ct_AR=ar
ac_cv_prog_ac_ct_CC=gcc
ac_cv_prog_ac_ct_CXX=g++
ac_cv_prog_ac_ct_MANIFEST_TOOL=mt
ac_cv_prog_ac_ct_OBJDUMP=objdump
ac_cv_prog_ac_ct_RANLIB=ranlib
ac_cv_prog_ac_ct_STRIP=strip
ac_cv_prog_cc_c89=
ac_cv_prog_cc_g=yes
ac_cv_prog_cxx_g=yes
ac_cv_prog_make_make_set=yes
am_cv_CC_dependencies_compiler_type=gcc3
am_cv_CXX_dependencies_compiler_type=gcc3
am_cv_ar_interface=ar
am_cv_make_support_nested_variables=yes
am_cv_prog_cc_c_o=yes
lt_cv_ar_at_file=@
lt_cv_archive_cmds_need_lc=no
lt_cv_deplibs_check_method=pass_all
lt_cv_file_magic_cmd='$MAGIC_CMD'
lt_cv_file_magic_test_file=
lt_cv_ld_reload_flag=-r
lt_cv_nm_interface='BSD nm'
lt_cv_objdir=.libs
lt_cv_path_LD=/usr/bin/ld
lt_cv_path_LDCXX='/usr/bin/ld -m elf_x86_64'
lt_cv_path_NM='/usr/bin/nm -B'
lt_cv_path_mainfest_tool=no
lt_cv_prog_compiler_c_o=yes
lt_cv_prog_compiler_c_o_CXX=yes
lt_cv_prog_compiler_pic='-fPIC -DPIC'
lt_cv_prog_compiler_pic_CXX='-fPIC -DPIC'
lt_cv_prog_compiler_pic_works=yes
lt_cv_prog_compiler_pic_works_CXX=yes
lt_cv_prog_compiler_rtti_exceptions=no
lt_cv_prog_compiler_static_works=yes
lt_cv_prog_compiler_static_works_CXX=yes
lt_cv_prog_gnu_ld=yes
lt_cv_prog_gnu_ldcxx=yes
lt_cv_sharedlib_from_linklib_cmd='printf %s\n'
lt_cv_shlibpath_overrides_runpath=no
lt_cv_sys_global_symbol_pipe='sed -n -e '\''s/^.*[	 ]\([ABCDGIRSTW][ABCDGIRSTW]*\)[	 ][	 ]*\([_A-Za-z][_A-Za-z0-9]*\)$/\1 \2 \2/p'\'' | sed '\''/ __gnu_lto/d'\'''
lt_cv_sys_global_symbol_to_c_name_address='sed -n -e '\''s/^: \(.*\) .*$/  {"\1", (void *) 0},/p'\'' -e '\''s/^[ABCDGIRSTW][ABCDGIRSTW]* .* \(.*\)$/  {"\1", (void *) \&\1},/p'\'''
lt_cv_sys_global_symbol_to_c_name_address_lib_prefix='sed -n -e '\''s/^: \(.*\) .*$/  {"\1", (void *) 0},/p'\'' -e '\''s/^[ABCDGIRSTW][ABCDGIRSTW]* .* \(lib.*\)$/  {"\1", (void *) \&\1},/p'\'' -e '\''s/^[ABCDGIRSTW][ABCDGIRSTW]* .* \(.*\)$/  {"lib\1", (void *) \&\1},/p'\'''
lt_cv_sys_global_symbol_to_cdecl='sed -n -e '\''s/^T .* \(.*\)$/extern int \1();/p'\'' -e '\''s/^[ABCDGIRSTW][ABCDGIRSTW]* .* \(.*\)$/extern char \1;/p'\'''
lt_cv_sys_global_symbol_to_import=
lt_cv_sys_max_cmd_len=1572864
lt_cv_to_host_file_cmd=func_convert_file_noop
lt_cv_to_tool_file_cmd=func_convert_file_noop
lt_cv_truncate_bin='/bin/dd bs=4096 count=1'

## ----------------- ##
## Output variables. ##
## ----------------- ##

ACLOCAL='${SHELL} /home/charlie/Programming/socketpp/missing aclocal-1.15'
AMDEPBACKSLASH='\'
AMDEP_FALSE='#'
AMDEP_TRUE=''
AMTAR='$${TAR-tar}'
AM_BACKSLASH='\'
AM_DEFAULT_V='$(AM_DEFAULT_VERBOSITY)'
AM_DEFAULT_VERBOSITY='1'
AM_V='$(V)'
AR='ar'
AUTOCONF='${SHELL} /home/charlie/Programming/socketpp/missing autoconf'
AUTOHEADER='${SHELL} /home/charlie/Programming/socketpp/missing autoheader'
AUTOMAKE='${SHELL} /home/charlie/Programming/socketpp/missing automake-1.15'
AWK='mawk'
CC='gcc'
CCDEPMODE='depmode=gcc3'
CFLAGS='-g -O2'
CPP='gcc -E'
CPPFLAGS=''
CXX='g++'
CXXCPP='g++ -E'
CXXDEPMODE='depmode=gcc3'
CXXFLAGS='-g -O2'
CYGPATH_W='echo'
DEFS='-DPACKAGE_NAME=\"libsocketpp\" -DPACKAGE_TARNAME=\"libsocketpp\" -DPACKAGE_VERSION=\"0.2\" -DPACKAGE_STRING=\"libsocketpp\ 0.2\" -DPACKAGE_BUGREPORT=\"chucks.8090@gmail.com\" -DPACKAGE_URL=\"\" -DPACKAGE=\"libsocketpp\" -DVERSION=\"0.2\" -DSTDC_HEADERS=1 -DHAVE_SYS_TYPES_H=1 -DHAVE_SYS_STAT_H=1 -DHAVE_STDLIB_H=1 -DHAVE_STRING_H=1 -DHAVE_MEMORY_H=1 -DHAVE_STRINGS_H=1 -DHAVE_INTTYPES_H=1 -DHAVE_STDINT_H=1 -DHAVE_UNISTD_H=1 -DHAVE_DLFCN_H=1 -DLT_OBJDIR=\".libs/\"'
DEPDIR='.deps'
DLLTOOL='false'
DSYMUTIL=''
DUMPBIN=''
ECHO_C=''
ECHO_N='-n'
ECHO_T=''
EGREP='/bin/grep -E'
EXEEXT=''
FGREP='/bin/grep -F'
GREP='/bin/grep'
INSTALL_DATA='${INSTALL} -m 644'
INSTALL_PROGRAM='${INSTALL}'
INSTALL_SCRIPT='${INSTALL}'
INSTALL_STRIP_PROGRAM='$(install_sh) -c -s'
LD='/usr/bin/ld -m elf_x86_64'
LDFLAGS=''
LIBOBJS=''
LIBS=''
LIBTOOL='$(SHELL) $(top_builddir)/libtool'
LIPO=''
LN_S='ln -s'
LTLIBOBJS=''
LT_SYS_LIBRARY_PATH=''
MAINT='#'
MAINTAINER_MODE_FALSE=''
MAINTAINER_MODE_TRUE='#'
MAKEINFO='${SHELL} /home/charlie/Programming/socketpp/missing makeinfo'
MANIFEST_TOOL=':'
MKDIR_P='/bin/mkdir -p'
NM='/usr/bin/nm -B'
NMEDIT=''
OBJDUMP='objdump'
OBJEXT='o'
OTOOL64=''
OTOOL=''
PACKAGE='libsocketpp'
PACKAGE_BUGREPORT='chucks.8090@gmail.com'
PACKAGE_NAME='libsocketpp'
PACKAGE_STRING='libsocketpp 0.2'
PACKAGE_TARNAME='libsocketpp'
PACKAGE_URL=''
PACKAGE_VERSION='0.2'
PATH_SEPARATOR=':'
RANLIB='ranlib'
SED='/bin/sed'
SET_MAKE=''
SHELL='/bin/bash'
STRIP='strip'
VERSION='0.2'
ac_ct_AR='ar'
ac_ct_CC='gcc'
ac_ct_CXX='g++'
ac_ct_DUMPBIN=''
am__EXEEXT_FALSE=''
am__EXEEXT_TRUE='#'
am__fastdepCC_FALSE='#'
am__fastdepCC_TRUE=''
am__fastdepCXX_FALSE='#'
am__fastdepCXX_TRUE=''
am__include='include'
am__isrc=''
am__leading_dot='.'
am__nodep='_no'
am__quote=''
am__tar='$${TAR-tar} chof - "$$tardir"'
am__untar='$${TAR-tar} xf -'
bindir='${exec_prefix}/bin'
build='x86_64-unknown-linux-gnu'
build_alias=''
build_cpu='x86_64'
build_os='linux-gnu'
build_vendor='unknown'
datadir='${datarootdir}'
datarootdir='${prefix}/share'
docdir='${datarootdir}/doc/${PACKAGE_TARNAME}'
dvidir='${docdir}'
exec_prefix='${prefix}'
host='x86_64-unknown-linux-gnu'
host_alias=''
host_cpu='x86_64'
host_os='linux-gnu'
host_vendor='unknown'
htmldir='${docdir}'
includedir='${prefix}/include'
infodir='${datarootdir}/info'
install_sh='${SHELL} /home/charlie/Programming/socketpp/install-sh'
libdir='${exec_prefix}/lib'
libexecdir='${exec_prefix}/libexec'
localedir='${datarootdir}/locale'
localstatedir='${prefix}/var'
mandir='${datarootdir}/man'
mkdir_p='$(MKDIR_P)'
oldincludedir='/usr/include'
pdfdir='${docdir}'
prefix='/home/charlie/Programming/socketpp/test'
program_transform_name='s,x,x,'
psdir='${docdir}'
runstatedir='${localstatedir}/run'
sbindir='${exec_prefix}/sbin'
sharedstatedir='${prefix}/com'
sysconfdir='${prefix}/etc'
target_alias=''

## ----------- ##
## confdefs.h. ##
## ----------- ##

/* confdefs.h */
#define PACKAGE_NAME "libsocketpp"
#define PACKAGE_TARNAME "libsocketpp"
#define PACKAGE_VERSION "0.2"
#define PACKAGE_STRING "libsocketpp 0.2"
#define PACKAGE_BUGREPORT "chucks.8090@gmail.com"
#define PACKAGE_URL ""
#define PACKAGE "libsocketpp"
#define VERSION "0.2"
#define STDC_HEADERS 1
#define HAVE_SYS_TYPES_H 1
#define HAVE_SYS_STAT_H 1
#define HAVE_STDLIB_H 1
#define HAVE_STRING_H 1
#define HAVE_MEMORY_H 1
#define HAVE_STRINGS_H 1
#define HAVE_INTTYPES_H 1
#define HAVE_STDINT_H 1
#define HAVE_UNISTD_H 1
#define HAVE_DLFCN_H 1
#define LT_OBJDIR ".libs/"

configure: exit 0

## ---------------------- ##
## Running config.status. ##
## ---------------------- ##

This file was extended by libsocketpp config.status 0.2, which was
generated by GNU Autoconf 2.69.  Invocation command line was

  CONFIG_FILES    = 
  CONFIG_HEADERS  = 
  CONFIG_LINKS    = 
  CONFIG_COMMANDS = 
  $ ./config.status 

on localhost

config.status:1078: creating Makefile
config.status:1078: creating src/Makefile
config.status:1078: creating include/Makefile
config.status:1078: creating include/socketpp/Makefile
config.status:1078: creating include/socketpp/tcp/Makefile
config.status:1078: creating doc/Makefile
config.status:1250: executing depfiles commands
config.status:1250: executing libtool commands
