This file contains any messages produced by compilers while
running configure, to aid debugging if configure makes a mistake.

It was created by socketpp configure 0.1, which was
generated by GNU Autoconf 2.69.  Invocation command line was

  $ ../configure --prefix=/home/charlie/Programming/socketpp/build/install

## --------- ##
## Platform. ##
## --------- ##

hostname = Orion
uname -m = x86_64
uname -r = 4.8.6-300.fc25.x86_64
uname -s = Linux
uname -v = #1 SMP Tue Nov 1 12:36:38 UTC 2016

/usr/bin/uname -p = x86_64
/bin/uname -X     = unknown

/bin/arch              = x86_64
/usr/bin/arch -k       = unknown
/usr/convex/getsysinfo = unknown
/usr/bin/hostinfo      = unknown
/bin/machine           = unknown
/usr/bin/oslevel       = unknown
/bin/universe          = unknown

PATH: /usr/lib64/qt-3.3/bin
PATH: /usr/local/bin
PATH: /usr/local/sbin
PATH: /usr/bin
PATH: /usr/sbin


## ----------- ##
## Core tests. ##
## ----------- ##

configure:2301: checking for a BSD-compatible install
configure:2369: result: /usr/bin/install -c
configure:2380: checking whether build environment is sane
configure:2435: result: yes
configure:2586: checking for a thread-safe mkdir -p
configure:2625: result: /usr/bin/mkdir -p
configure:2632: checking for gawk
configure:2648: found /usr/bin/gawk
configure:2659: result: gawk
configure:2670: checking whether make sets $(MAKE)
configure:2692: result: yes
configure:2721: checking whether make supports nested variables
configure:2738: result: yes
configure:2877: checking for style of include used by make
configure:2905: result: GNU
configure:2976: checking for gcc
configure:2992: found /usr/bin/gcc
configure:3003: result: gcc
configure:3232: checking for C compiler version
configure:3241: gcc --version >&5
gcc (GCC) 6.3.1 20161221 (Red Hat 6.3.1-1)
Copyright (C) 2016 Free Software Foundation, Inc.
This is free software; see the source for copying conditions.  There is NO
warranty; not even for MERCHANTABILITY or FITNESS FOR A PARTICULAR PURPOSE.

configure:3252: $? = 0
configure:3241: gcc -v >&5
Using built-in specs.
COLLECT_GCC=gcc
COLLECT_LTO_WRAPPER=/usr/libexec/gcc/x86_64-redhat-linux/6.3.1/lto-wrapper
Target: x86_64-redhat-linux
Configured with: ../configure --enable-bootstrap --enable-languages=c,c++,objc,obj-c++,fortran,ada,go,lto --prefix=/usr --mandir=/usr/share/man --infodir=/usr/share/info --with-bugurl=http://bugzilla.redhat.com/bugzilla --enable-shared --enable-threads=posix --enable-checking=release --enable-multilib --with-system-zlib --enable-__cxa_atexit --disable-libunwind-exceptions --enable-gnu-unique-object --enable-linker-build-id --with-linker-hash-style=gnu --enable-plugin --enable-initfini-array --disable-libgcj --with-isl --enable-libmpx --enable-gnu-indirect-function --with-tune=generic --with-arch_32=i686 --build=x86_64-redhat-linux
Thread model: posix
gcc version 6.3.1 20161221 (Red Hat 6.3.1-1) (GCC) 
configure:3252: $? = 0
configure:3241: gcc -V >&5
gcc: error: unrecognized command line option '-V'
gcc: fatal error: no input files
compilation terminated.
configure:3252: $? = 1
configure:3241: gcc -qversion >&5
gcc: error: unrecognized command line option '-qversion'; did you mean '--version'?
gcc: fatal error: no input files
compilation terminated.
configure:3252: $? = 1
configure:3272: checking whether the C compiler works
configure:3294: gcc    conftest.c  >&5
configure:3298: $? = 0
configure:3346: result: yes
configure:3349: checking for C compiler default output file name
configure:3351: result: a.out
configure:3357: checking for suffix of executables
configure:3364: gcc -o conftest    conftest.c  >&5
configure:3368: $? = 0
configure:3390: result: 
configure:3412: checking whether we are cross compiling
configure:3420: gcc -o conftest    conftest.c  >&5
configure:3424: $? = 0
configure:3431: ./conftest
configure:3435: $? = 0
configure:3450: result: no
configure:3455: checking for suffix of object files
configure:3477: gcc -c   conftest.c >&5
configure:3481: $? = 0
configure:3502: result: o
configure:3506: checking whether we are using the GNU C compiler
configure:3525: gcc -c   conftest.c >&5
configure:3525: $? = 0
configure:3534: result: yes
configure:3543: checking whether gcc accepts -g
configure:3563: gcc -c -g  conftest.c >&5
configure:3563: $? = 0
configure:3604: result: yes
configure:3621: checking for gcc option to accept ISO C89
configure:3684: gcc  -c -g -O2  conftest.c >&5
configure:3684: $? = 0
configure:3697: result: none needed
configure:3722: checking whether gcc understands -c and -o together
configure:3744: gcc -c conftest.c -o conftest2.o
configure:3747: $? = 0
configure:3744: gcc -c conftest.c -o conftest2.o
configure:3747: $? = 0
configure:3759: result: yes
configure:3778: checking dependency style of gcc
configure:3889: result: gcc3
configure:3954: checking for ar
configure:3970: found /usr/bin/ar
configure:3981: result: ar
configure:4007: checking the archiver (ar) interface
configure:4023: gcc -c -g -O2  conftest.c >&5
configure:4023: $? = 0
configure:4025: ar cru libconftest.a conftest.o >&5
configure:4028: $? = 0
configure:4056: result: ar
configure:4106: checking build system type
configure:4120: result: x86_64-unknown-linux-gnu
configure:4140: checking host system type
configure:4153: result: x86_64-unknown-linux-gnu
configure:4194: checking how to print strings
configure:4221: result: printf
configure:4242: checking for a sed that does not truncate output
configure:4306: result: /usr/bin/sed
configure:4324: checking for grep that handles long lines and -e
configure:4382: result: /usr/bin/grep
configure:4387: checking for egrep
configure:4449: result: /usr/bin/grep -E
configure:4454: checking for fgrep
configure:4516: result: /usr/bin/grep -F
configure:4551: checking for ld used by gcc
configure:4618: result: /usr/bin/ld
configure:4625: checking if the linker (/usr/bin/ld) is GNU ld
configure:4640: result: yes
configure:4652: checking for BSD- or MS-compatible name lister (nm)
configure:4706: result: /usr/bin/nm -B
configure:4836: checking the name lister (/usr/bin/nm -B) interface
configure:4843: gcc -c -g -O2  conftest.c >&5
configure:4846: /usr/bin/nm -B "conftest.o"
configure:4849: output
0000000000000000 B some_variable
configure:4856: result: BSD nm
configure:4859: checking whether ln -s works
configure:4863: result: yes
configure:4871: checking the maximum length of command line arguments
configure:5002: result: 1572864
configure:5050: checking how to convert x86_64-unknown-linux-gnu file names to x86_64-unknown-linux-gnu format
configure:5090: result: func_convert_file_noop
configure:5097: checking how to convert x86_64-unknown-linux-gnu file names to toolchain format
configure:5117: result: func_convert_file_noop
configure:5124: checking for /usr/bin/ld option to reload object files
configure:5131: result: -r
configure:5205: checking for objdump
configure:5221: found /usr/bin/objdump
configure:5232: result: objdump
configure:5264: checking how to recognize dependent libraries
configure:5464: result: pass_all
configure:5549: checking for dlltool
configure:5579: result: no
configure:5609: checking how to associate runtime and link libraries
configure:5636: result: printf %s\n
configure:5760: checking for archiver @FILE support
configure:5777: gcc -c -g -O2  conftest.c >&5
configure:5777: $? = 0
configure:5780: ar cru libconftest.a @conftest.lst >&5
configure:5783: $? = 0
configure:5788: ar cru libconftest.a @conftest.lst >&5
ar: conftest.o: No such file or directory
configure:5791: $? = 1
configure:5803: result: @
configure:5861: checking for strip
configure:5877: found /usr/bin/strip
configure:5888: result: strip
configure:5960: checking for ranlib
configure:5976: found /usr/bin/ranlib
configure:5987: result: ranlib
configure:6089: checking command to parse /usr/bin/nm -B output from gcc object
configure:6242: gcc -c -g -O2  conftest.c >&5
configure:6245: $? = 0
configure:6249: /usr/bin/nm -B conftest.o \| sed -n -e 's/^.*[ ]\([ABCDGIRSTW][ABCDGIRSTW]*\)[ ][ ]*\([_A-Za-z][_A-Za-z0-9]*\)$/\1 \2 \2/p' | sed '/ __gnu_lto/d' \> conftest.nm
configure:6252: $? = 0
configure:6318: gcc -o conftest -g -O2   conftest.c conftstm.o >&5
configure:6321: $? = 0
configure:6359: result: ok
configure:6406: checking for sysroot
configure:6436: result: no
configure:6443: checking for a working dd
configure:6481: result: /usr/bin/dd
configure:6485: checking how to truncate binary pipes
configure:6500: result: /usr/bin/dd bs=4096 count=1
configure:6636: gcc -c -g -O2  conftest.c >&5
configure:6639: $? = 0
configure:6829: checking for mt
configure:6859: result: no
configure:6879: checking if : is a manifest tool
configure:6885: : '-?'
configure:6893: result: no
configure:7570: checking how to run the C preprocessor
configure:7601: gcc -E  conftest.c
configure:7601: $? = 0
configure:7615: gcc -E  conftest.c
conftest.c:11:28: fatal error: ac_nonexistent.h: No such file or directory
 #include <ac_nonexistent.h>
                            ^
compilation terminated.
configure:7615: $? = 1
configure: failed program was:
| /* confdefs.h */
| #define PACKAGE_NAME "socketpp"
| #define PACKAGE_TARNAME "socketpp"
| #define PACKAGE_VERSION "0.1"
| #define PACKAGE_STRING "socketpp 0.1"
| #define PACKAGE_BUGREPORT "chucks.8090@gmail.com"
| #define PACKAGE_URL ""
| #define PACKAGE "socketpp"
| #define VERSION "0.1"
| /* end confdefs.h.  */
| #include <ac_nonexistent.h>
configure:7640: result: gcc -E
configure:7660: gcc -E  conftest.c
configure:7660: $? = 0
configure:7674: gcc -E  conftest.c
conftest.c:11:28: fatal error: ac_nonexistent.h: No such file or directory
 #include <ac_nonexistent.h>
                            ^
compilation terminated.
configure:7674: $? = 1
configure: failed program was:
| /* confdefs.h */
| #define PACKAGE_NAME "socketpp"
| #define PACKAGE_TARNAME "socketpp"
| #define PACKAGE_VERSION "0.1"
| #define PACKAGE_STRING "socketpp 0.1"
| #define PACKAGE_BUGREPORT "chucks.8090@gmail.com"
| #define PACKAGE_URL ""
| #define PACKAGE "socketpp"
| #define VERSION "0.1"
| /* end confdefs.h.  */
| #include <ac_nonexistent.h>
configure:7703: checking for ANSI C header files
configure:7723: gcc -c -g -O2  conftest.c >&5
configure:7723: $? = 0
configure:7796: gcc -o conftest -g -O2   conftest.c  >&5
configure:7796: $? = 0
configure:7796: ./conftest
configure:7796: $? = 0
configure:7807: result: yes
configure:7820: checking for sys/types.h
configure:7820: gcc -c -g -O2  conftest.c >&5
configure:7820: $? = 0
configure:7820: result: yes
configure:7820: checking for sys/stat.h
configure:7820: gcc -c -g -O2  conftest.c >&5
configure:7820: $? = 0
configure:7820: result: yes
configure:7820: checking for stdlib.h
configure:7820: gcc -c -g -O2  conftest.c >&5
configure:7820: $? = 0
configure:7820: result: yes
configure:7820: checking for string.h
configure:7820: gcc -c -g -O2  conftest.c >&5
configure:7820: $? = 0
configure:7820: result: yes
configure:7820: checking for memory.h
configure:7820: gcc -c -g -O2  conftest.c >&5
configure:7820: $? = 0
configure:7820: result: yes
configure:7820: checking for strings.h
configure:7820: gcc -c -g -O2  conftest.c >&5
configure:7820: $? = 0
configure:7820: result: yes
configure:7820: checking for inttypes.h
configure:7820: gcc -c -g -O2  conftest.c >&5
configure:7820: $? = 0
configure:7820: result: yes
configure:7820: checking for stdint.h
configure:7820: gcc -c -g -O2  conftest.c >&5
configure:7820: $? = 0
configure:7820: result: yes
configure:7820: checking for unistd.h
configure:7820: gcc -c -g -O2  conftest.c >&5
configure:7820: $? = 0
configure:7820: result: yes
configure:7834: checking for dlfcn.h
configure:7834: gcc -c -g -O2  conftest.c >&5
configure:7834: $? = 0
configure:7834: result: yes
configure:8090: checking for objdir
configure:8105: result: .libs
configure:8365: checking if gcc supports -fno-rtti -fno-exceptions
configure:8383: gcc -c -g -O2  -fno-rtti -fno-exceptions conftest.c >&5
cc1: warning: command line option '-fno-rtti' is valid for C++/ObjC++ but not for C
configure:8387: $? = 0
configure:8400: result: no
configure:8758: checking for gcc option to produce PIC
configure:8765: result: -fPIC -DPIC
configure:8773: checking if gcc PIC flag -fPIC -DPIC works
configure:8791: gcc -c -g -O2  -fPIC -DPIC -DPIC conftest.c >&5
configure:8795: $? = 0
configure:8808: result: yes
configure:8837: checking if gcc static flag -static works
configure:8865: result: no
configure:8880: checking if gcc supports -c -o file.o
configure:8901: gcc -c -g -O2  -o out/conftest2.o conftest.c >&5
configure:8905: $? = 0
configure:8927: result: yes
configure:8935: checking if gcc supports -c -o file.o
configure:8982: result: yes
configure:9015: checking whether the gcc linker (/usr/bin/ld -m elf_x86_64) supports shared libraries
configure:10274: result: yes
configure:10311: checking whether -lc should be explicitly linked in
configure:10319: gcc -c -g -O2  conftest.c >&5
configure:10322: $? = 0
configure:10337: gcc -shared  -fPIC -DPIC conftest.o  -v -Wl,-soname -Wl,conftest -o conftest 2\>\&1 \| /usr/bin/grep  -lc  \>/dev/null 2\>\&1
configure:10340: $? = 0
configure:10354: result: no
configure:10514: checking dynamic linker characteristics
configure:11095: gcc -o conftest -g -O2   -Wl,-rpath -Wl,/foo conftest.c  >&5
configure:11095: $? = 0
configure:11335: result: GNU/Linux ld.so
configure:11457: checking how to hardcode library paths into programs
configure:11482: result: immediate
configure:12030: checking whether stripping libraries is possible
configure:12035: result: yes
configure:12070: checking if libtool supports shared libraries
configure:12072: result: yes
configure:12075: checking whether to build shared libraries
configure:12100: result: yes
configure:12103: checking whether to build static libraries
configure:12107: result: yes
configure:12203: checking for g++
configure:12219: found /usr/bin/g++
configure:12230: result: g++
configure:12257: checking for C++ compiler version
configure:12266: g++ --version >&5
g++ (GCC) 6.3.1 20161221 (Red Hat 6.3.1-1)
Copyright (C) 2016 Free Software Foundation, Inc.
This is free software; see the source for copying conditions.  There is NO
warranty; not even for MERCHANTABILITY or FITNESS FOR A PARTICULAR PURPOSE.

configure:12277: $? = 0
configure:12266: g++ -v >&5
Using built-in specs.
COLLECT_GCC=g++
COLLECT_LTO_WRAPPER=/usr/libexec/gcc/x86_64-redhat-linux/6.3.1/lto-wrapper
Target: x86_64-redhat-linux
Configured with: ../configure --enable-bootstrap --enable-languages=c,c++,objc,obj-c++,fortran,ada,go,lto --prefix=/usr --mandir=/usr/share/man --infodir=/usr/share/info --with-bugurl=http://bugzilla.redhat.com/bugzilla --enable-shared --enable-threads=posix --enable-checking=release --enable-multilib --with-system-zlib --enable-__cxa_atexit --disable-libunwind-exceptions --enable-gnu-unique-object --enable-linker-build-id --with-linker-hash-style=gnu --enable-plugin --enable-initfini-array --disable-libgcj --with-isl --enable-libmpx --enable-gnu-indirect-function --with-tune=generic --with-arch_32=i686 --build=x86_64-redhat-linux
Thread model: posix
gcc version 6.3.1 20161221 (Red Hat 6.3.1-1) (GCC) 
configure:12277: $? = 0
configure:12266: g++ -V >&5
g++: error: unrecognized command line option '-V'
g++: fatal error: no input files
compilation terminated.
configure:12277: $? = 1
configure:12266: g++ -qversion >&5
g++: error: unrecognized command line option '-qversion'; did you mean '--version'?
g++: fatal error: no input files
compilation terminated.
configure:12277: $? = 1
configure:12281: checking whether we are using the GNU C++ compiler
configure:12300: g++ -c   conftest.cpp >&5
configure:12300: $? = 0
configure:12309: result: yes
configure:12318: checking whether g++ accepts -g
configure:12338: g++ -c -g  conftest.cpp >&5
configure:12338: $? = 0
configure:12379: result: yes
configure:12404: checking dependency style of g++
configure:12515: result: gcc3
configure:12548: checking how to run the C++ preprocessor
configure:12575: g++ -E  conftest.cpp
configure:12575: $? = 0
configure:12589: g++ -E  conftest.cpp
conftest.cpp:23:28: fatal error: ac_nonexistent.h: No such file or directory
 #include <ac_nonexistent.h>
                            ^
compilation terminated.
configure:12589: $? = 1
configure: failed program was:
| /* confdefs.h */
| #define PACKAGE_NAME "socketpp"
| #define PACKAGE_TARNAME "socketpp"
| #define PACKAGE_VERSION "0.1"
| #define PACKAGE_STRING "socketpp 0.1"
| #define PACKAGE_BUGREPORT "chucks.8090@gmail.com"
| #define PACKAGE_URL ""
| #define PACKAGE "socketpp"
| #define VERSION "0.1"
| #define STDC_HEADERS 1
| #define HAVE_SYS_TYPES_H 1
| #define HAVE_SYS_STAT_H 1
| #define HAVE_STDLIB_H 1
| #define HAVE_STRING_H 1
| #define HAVE_MEMORY_H 1
| #define HAVE_STRINGS_H 1
| #define HAVE_INTTYPES_H 1
| #define HAVE_STDINT_H 1
| #define HAVE_UNISTD_H 1
| #define HAVE_DLFCN_H 1
| #define LT_OBJDIR ".libs/"
| /* end confdefs.h.  */
| #include <ac_nonexistent.h>
configure:12614: result: g++ -E
configure:12634: g++ -E  conftest.cpp
configure:12634: $? = 0
configure:12648: g++ -E  conftest.cpp
conftest.cpp:23:28: fatal error: ac_nonexistent.h: No such file or directory
 #include <ac_nonexistent.h>
                            ^
compilation terminated.
configure:12648: $? = 1
configure: failed program was:
| /* confdefs.h */
| #define PACKAGE_NAME "socketpp"
| #define PACKAGE_TARNAME "socketpp"
| #define PACKAGE_VERSION "0.1"
| #define PACKAGE_STRING "socketpp 0.1"
| #define PACKAGE_BUGREPORT "chucks.8090@gmail.com"
| #define PACKAGE_URL ""
| #define PACKAGE "socketpp"
| #define VERSION "0.1"
| #define STDC_HEADERS 1
| #define HAVE_SYS_TYPES_H 1
| #define HAVE_SYS_STAT_H 1
| #define HAVE_STDLIB_H 1
| #define HAVE_STRING_H 1
| #define HAVE_MEMORY_H 1
| #define HAVE_STRINGS_H 1
| #define HAVE_INTTYPES_H 1
| #define HAVE_STDINT_H 1
| #define HAVE_UNISTD_H 1
| #define HAVE_DLFCN_H 1
| #define LT_OBJDIR ".libs/"
| /* end confdefs.h.  */
| #include <ac_nonexistent.h>
configure:12810: checking for ld used by g++
configure:12877: result: /usr/bin/ld -m elf_x86_64
configure:12884: checking if the linker (/usr/bin/ld -m elf_x86_64) is GNU ld
configure:12899: result: yes
configure:12954: checking whether the g++ linker (/usr/bin/ld -m elf_x86_64) supports shared libraries
configure:14027: result: yes
configure:14063: g++ -c -g -O2  conftest.cpp >&5
configure:14066: $? = 0
configure:14547: checking for g++ option to produce PIC
configure:14554: result: -fPIC -DPIC
configure:14562: checking if g++ PIC flag -fPIC -DPIC works
configure:14580: g++ -c -g -O2  -fPIC -DPIC -DPIC conftest.cpp >&5
configure:14584: $? = 0
configure:14597: result: yes
configure:14620: checking if g++ static flag -static works
configure:14648: result: no
configure:14660: checking if g++ supports -c -o file.o
configure:14681: g++ -c -g -O2  -o out/conftest2.o conftest.cpp >&5
configure:14685: $? = 0
configure:14707: result: yes
configure:14712: checking if g++ supports -c -o file.o
configure:14759: result: yes
configure:14789: checking whether the g++ linker (/usr/bin/ld -m elf_x86_64) supports shared libraries
configure:14829: result: yes
configure:14970: checking dynamic linker characteristics
configure:15718: result: GNU/Linux ld.so
configure:15783: checking how to hardcode library paths into programs
configure:15808: result: immediate
configure:15996: checking that generated files are newer than configure
configure:16002: result: done
configure:16029: creating ./config.status

## ---------------------- ##
## Running config.status. ##
## ---------------------- ##

This file was extended by socketpp config.status 0.1, which was
generated by GNU Autoconf 2.69.  Invocation command line was

  CONFIG_FILES    = 
  CONFIG_HEADERS  = 
  CONFIG_LINKS    = 
  CONFIG_COMMANDS = 
  $ ./config.status 

on Orion

config.status:1072: creating Makefile
config.status:1072: creating src/Makefile
config.status:1072: creating include/Makefile
config.status:1072: creating include/tcp/Makefile
config.status:1229: executing depfiles commands
config.status:1229: executing libtool commands

## ---------------- ##
## Cache variables. ##
## ---------------- ##

ac_cv_build=x86_64-unknown-linux-gnu
ac_cv_c_compiler_gnu=yes
ac_cv_cxx_compiler_gnu=yes
ac_cv_env_CCC_set=
ac_cv_env_CCC_value=
ac_cv_env_CC_set=
ac_cv_env_CC_value=
ac_cv_env_CFLAGS_set=
ac_cv_env_CFLAGS_value=
ac_cv_env_CPPFLAGS_set=
ac_cv_env_CPPFLAGS_value=
ac_cv_env_CPP_set=
ac_cv_env_CPP_value=
ac_cv_env_CXXCPP_set=
ac_cv_env_CXXCPP_value=
ac_cv_env_CXXFLAGS_set=
ac_cv_env_CXXFLAGS_value=
ac_cv_env_CXX_set=
ac_cv_env_CXX_value=
ac_cv_env_LDFLAGS_set=
ac_cv_env_LDFLAGS_value=
ac_cv_env_LIBS_set=
ac_cv_env_LIBS_value=
ac_cv_env_LT_SYS_LIBRARY_PATH_set=
ac_cv_env_LT_SYS_LIBRARY_PATH_value=
ac_cv_env_build_alias_set=
ac_cv_env_build_alias_value=
ac_cv_env_host_alias_set=
ac_cv_env_host_alias_value=
ac_cv_env_target_alias_set=
ac_cv_env_target_alias_value=
ac_cv_header_dlfcn_h=yes
ac_cv_header_inttypes_h=yes
ac_cv_header_memory_h=yes
ac_cv_header_stdc=yes
ac_cv_header_stdint_h=yes
ac_cv_header_stdlib_h=yes
ac_cv_header_string_h=yes
ac_cv_header_strings_h=yes
ac_cv_header_sys_stat_h=yes
ac_cv_header_sys_types_h=yes
ac_cv_header_unistd_h=yes
ac_cv_host=x86_64-unknown-linux-gnu
ac_cv_objext=o
ac_cv_path_EGREP='/usr/bin/grep -E'
ac_cv_path_FGREP='/usr/bin/grep -F'
ac_cv_path_GREP=/usr/bin/grep
ac_cv_path_SED=/usr/bin/sed
ac_cv_path_install='/usr/bin/install -c'
ac_cv_path_lt_DD=/usr/bin/dd
ac_cv_path_mkdir=/usr/bin/mkdir
ac_cv_prog_AWK=gawk
ac_cv_prog_CPP='gcc -E'
ac_cv_prog_CXXCPP='g++ -E'
ac_cv_prog_ac_ct_AR=ar
ac_cv_prog_ac_ct_CC=gcc
ac_cv_prog_ac_ct_CXX=g++
ac_cv_prog_ac_ct_OBJDUMP=objdump
ac_cv_prog_ac_ct_RANLIB=ranlib
ac_cv_prog_ac_ct_STRIP=strip
ac_cv_prog_cc_c89=
ac_cv_prog_cc_g=yes
ac_cv_prog_cxx_g=yes
ac_cv_prog_make_make_set=yes
am_cv_CC_dependencies_compiler_type=gcc3
am_cv_CXX_dependencies_compiler_type=gcc3
am_cv_ar_interface=ar
am_cv_make_support_nested_variables=yes
am_cv_prog_cc_c_o=yes
lt_cv_ar_at_file=@
lt_cv_archive_cmds_need_lc=no
lt_cv_deplibs_check_method=pass_all
lt_cv_file_magic_cmd='$MAGIC_CMD'
lt_cv_file_magic_test_file=
lt_cv_ld_reload_flag=-r
lt_cv_nm_interface='BSD nm'
lt_cv_objdir=.libs
lt_cv_path_LD=/usr/bin/ld
lt_cv_path_LDCXX='/usr/bin/ld -m elf_x86_64'
lt_cv_path_NM='/usr/bin/nm -B'
lt_cv_path_mainfest_tool=no
lt_cv_prog_compiler_c_o=yes
lt_cv_prog_compiler_c_o_CXX=yes
lt_cv_prog_compiler_pic='-fPIC -DPIC'
lt_cv_prog_compiler_pic_CXX='-fPIC -DPIC'
lt_cv_prog_compiler_pic_works=yes
lt_cv_prog_compiler_pic_works_CXX=yes
lt_cv_prog_compiler_rtti_exceptions=no
lt_cv_prog_compiler_static_works=no
lt_cv_prog_compiler_static_works_CXX=no
lt_cv_prog_gnu_ld=yes
lt_cv_prog_gnu_ldcxx=yes
lt_cv_sharedlib_from_linklib_cmd='printf %s\n'
lt_cv_shlibpath_overrides_runpath=no
lt_cv_sys_global_symbol_pipe='sed -n -e '\''s/^.*[	 ]\([ABCDGIRSTW][ABCDGIRSTW]*\)[	 ][	 ]*\([_A-Za-z][_A-Za-z0-9]*\)$/\1 \2 \2/p'\'' | sed '\''/ __gnu_lto/d'\'''
lt_cv_sys_global_symbol_to_c_name_address='sed -n -e '\''s/^: \(.*\) .*$/  {"\1", (void *) 0},/p'\'' -e '\''s/^[ABCDGIRSTW][ABCDGIRSTW]* .* \(.*\)$/  {"\1", (void *) \&\1},/p'\'''
lt_cv_sys_global_symbol_to_c_name_address_lib_prefix='sed -n -e '\''s/^: \(.*\) .*$/  {"\1", (void *) 0},/p'\'' -e '\''s/^[ABCDGIRSTW][ABCDGIRSTW]* .* \(lib.*\)$/  {"\1", (void *) \&\1},/p'\'' -e '\''s/^[ABCDGIRSTW][ABCDGIRSTW]* .* \(.*\)$/  {"lib\1", (void *) \&\1},/p'\'''
lt_cv_sys_global_symbol_to_cdecl='sed -n -e '\''s/^T .* \(.*\)$/extern int \1();/p'\'' -e '\''s/^[ABCDGIRSTW][ABCDGIRSTW]* .* \(.*\)$/extern char \1;/p'\'''
lt_cv_sys_global_symbol_to_import=
lt_cv_sys_max_cmd_len=1572864
lt_cv_to_host_file_cmd=func_convert_file_noop
lt_cv_to_tool_file_cmd=func_convert_file_noop
lt_cv_truncate_bin='/usr/bin/dd bs=4096 count=1'

## ----------------- ##
## Output variables. ##
## ----------------- ##

ACLOCAL='${SHELL} /home/charlie/Programming/socketpp/missing aclocal-1.15'
AMDEPBACKSLASH='\'
AMDEP_FALSE='#'
AMDEP_TRUE=''
AMTAR='$${TAR-tar}'
AM_BACKSLASH='\'
AM_DEFAULT_V='$(AM_DEFAULT_VERBOSITY)'
AM_DEFAULT_VERBOSITY='1'
AM_V='$(V)'
AR='ar'
AUTOCONF='${SHELL} /home/charlie/Programming/socketpp/missing autoconf'
AUTOHEADER='${SHELL} /home/charlie/Programming/socketpp/missing autoheader'
AUTOMAKE='${SHELL} /home/charlie/Programming/socketpp/missing automake-1.15'
AWK='gawk'
CC='gcc'
CCDEPMODE='depmode=gcc3'
CFLAGS='-g -O2'
CPP='gcc -E'
CPPFLAGS=''
CXX='g++'
CXXCPP='g++ -E'
CXXDEPMODE='depmode=gcc3'
CXXFLAGS='-g -O2'
CYGPATH_W='echo'
DEFS='-DPACKAGE_NAME=\"socketpp\" -DPACKAGE_TARNAME=\"socketpp\" -DPACKAGE_VERSION=\"0.1\" -DPACKAGE_STRING=\"socketpp\ 0.1\" -DPACKAGE_BUGREPORT=\"chucks.8090@gmail.com\" -DPACKAGE_URL=\"\" -DPACKAGE=\"socketpp\" -DVERSION=\"0.1\" -DSTDC_HEADERS=1 -DHAVE_SYS_TYPES_H=1 -DHAVE_SYS_STAT_H=1 -DHAVE_STDLIB_H=1 -DHAVE_STRING_H=1 -DHAVE_MEMORY_H=1 -DHAVE_STRINGS_H=1 -DHAVE_INTTYPES_H=1 -DHAVE_STDINT_H=1 -DHAVE_UNISTD_H=1 -DHAVE_DLFCN_H=1 -DLT_OBJDIR=\".libs/\"'
DEPDIR='.deps'
DLLTOOL='false'
DSYMUTIL=''
DUMPBIN=''
ECHO_C=''
ECHO_N='-n'
ECHO_T=''
EGREP='/usr/bin/grep -E'
EXEEXT=''
FGREP='/usr/bin/grep -F'
GREP='/usr/bin/grep'
INSTALL_DATA='${INSTALL} -m 644'
INSTALL_PROGRAM='${INSTALL}'
INSTALL_SCRIPT='${INSTALL}'
INSTALL_STRIP_PROGRAM='$(install_sh) -c -s'
LD='/usr/bin/ld -m elf_x86_64'
LDFLAGS=''
LIBOBJS=''
LIBS=''
LIBTOOL='$(SHELL) $(top_builddir)/libtool'
LIPO=''
LN_S='ln -s'
LTLIBOBJS=''
LT_SYS_LIBRARY_PATH=''
MAKEINFO='${SHELL} /home/charlie/Programming/socketpp/missing makeinfo'
MANIFEST_TOOL=':'
MKDIR_P='/usr/bin/mkdir -p'
NM='/usr/bin/nm -B'
NMEDIT=''
OBJDUMP='objdump'
OBJEXT='o'
OTOOL64=''
OTOOL=''
PACKAGE='socketpp'
PACKAGE_BUGREPORT='chucks.8090@gmail.com'
PACKAGE_NAME='socketpp'
PACKAGE_STRING='socketpp 0.1'
PACKAGE_TARNAME='socketpp'
PACKAGE_URL=''
PACKAGE_VERSION='0.1'
PATH_SEPARATOR=':'
RANLIB='ranlib'
SED='/usr/bin/sed'
SET_MAKE=''
SHELL='/bin/sh'
STRIP='strip'
VERSION='0.1'
ac_ct_AR='ar'
ac_ct_CC='gcc'
ac_ct_CXX='g++'
ac_ct_DUMPBIN=''
am__EXEEXT_FALSE=''
am__EXEEXT_TRUE='#'
am__fastdepCC_FALSE='#'
am__fastdepCC_TRUE=''
am__fastdepCXX_FALSE='#'
am__fastdepCXX_TRUE=''
am__include='include'
am__isrc=' -I$(srcdir)'
am__leading_dot='.'
am__nodep='_no'
am__quote=''
am__tar='$${TAR-tar} chof - "$$tardir"'
am__untar='$${TAR-tar} xf -'
bindir='${exec_prefix}/bin'
build='x86_64-unknown-linux-gnu'
build_alias=''
build_cpu='x86_64'
build_os='linux-gnu'
build_vendor='unknown'
datadir='${datarootdir}'
datarootdir='${prefix}/share'
docdir='${datarootdir}/doc/${PACKAGE_TARNAME}'
dvidir='${docdir}'
exec_prefix='${prefix}'
host='x86_64-unknown-linux-gnu'
host_alias=''
host_cpu='x86_64'
host_os='linux-gnu'
host_vendor='unknown'
htmldir='${docdir}'
includedir='${prefix}/include'
infodir='${datarootdir}/info'
install_sh='${SHELL} /home/charlie/Programming/socketpp/install-sh'
libdir='${exec_prefix}/lib'
libexecdir='${exec_prefix}/libexec'
localedir='${datarootdir}/locale'
localstatedir='${prefix}/var'
mandir='${datarootdir}/man'
mkdir_p='$(MKDIR_P)'
oldincludedir='/usr/include'
pdfdir='${docdir}'
prefix='/home/charlie/Programming/socketpp/build/install'
program_transform_name='s,x,x,'
psdir='${docdir}'
sbindir='${exec_prefix}/sbin'
sharedstatedir='${prefix}/com'
sysconfdir='${prefix}/etc'
target_alias=''

## ----------- ##
## confdefs.h. ##
## ----------- ##

/* confdefs.h */
#define PACKAGE_NAME "socketpp"
#define PACKAGE_TARNAME "socketpp"
#define PACKAGE_VERSION "0.1"
#define PACKAGE_STRING "socketpp 0.1"
#define PACKAGE_BUGREPORT "chucks.8090@gmail.com"
#define PACKAGE_URL ""
#define PACKAGE "socketpp"
#define VERSION "0.1"
#define STDC_HEADERS 1
#define HAVE_SYS_TYPES_H 1
#define HAVE_SYS_STAT_H 1
#define HAVE_STDLIB_H 1
#define HAVE_STRING_H 1
#define HAVE_MEMORY_H 1
#define HAVE_STRINGS_H 1
#define HAVE_INTTYPES_H 1
#define HAVE_STDINT_H 1
#define HAVE_UNISTD_H 1
#define HAVE_DLFCN_H 1
#define LT_OBJDIR ".libs/"

configure: exit 0
